<?xml version="1.0" encoding="UTF-8"?>
<!-- Generated by org.testng.reporters.JUnitReportReporter -->
<testsuite hostname="DESKTOP-34D8979" failures="0" tests="4" name="api.tests.DataDrivenTests" time="8.089" errors="0" timestamp="2025-07-11T05:58:02 IST" skipped="0">
  <testcase classname="api.tests.DataDrivenTests" name="testPostUser" time="4.017"/>
  <testcase classname="api.tests.DataDrivenTests" name="testPostUser" time="1.287"/>
  <testcase classname="api.tests.DataDrivenTests" name="testDeleteUserByName" time="1.402"/>
  <testcase classname="api.tests.DataDrivenTests" name="testDeleteUserByName" time="1.383"/>
</testsuite> <!-- api.tests.DataDrivenTests -->
