<?xml version="1.0" encoding="UTF-8"?>
<!-- Generated by org.testng.reporters.JUnitReportReporter -->
<testsuite hostname="DESKTOP-34D8979" failures="0" tests="4" name="api.tests.UserTests" time="8.696" errors="0" timestamp="2025-07-12T01:20:27 IST" skipped="0">
  <testcase classname="api.tests.UserTests" name="testPostUser" time="3.282"/>
  <testcase classname="api.tests.UserTests" name="testGetUserByName" time="1.357"/>
  <testcase classname="api.tests.UserTests" name="testUpdateUserByName" time="2.672"/>
  <testcase classname="api.tests.UserTests" name="testDeletUsereByName" time="1.385"/>
</testsuite> <!-- api.tests.UserTests -->
